
	title is " rate", offset at (character 0, 0, 0)


	title is " mean", offset at (character 0, 0, 0)


	title is " stddev", offset at (character 0, 0, 0)


	title is " max_sample", offset at (character 0, 0, 0)


	title is " min_sample", offset at (character 0, 0, 0)


	title is " rate", offset at (character 0, 0, 0)


	title is " mean", offset at (character 0, 0, 0)


	title is " stddev", offset at (character 0, 0, 0)


	title is " max_sample", offset at (character 0, 0, 0)


	title is " min_sample", offset at (character 0, 0, 0)


	title is " rate", offset at (character 0, 0, 0)


	title is " total", offset at (character 0, 0, 0)


	title is " rate", offset at (character 0, 0, 0)


	title is " total", offset at (character 0, 0, 0)


	title is " Simultaneous users and opened TCP/UDP connections", offset at (character 0, 0, 0)


	title is " maximum_simultaneous", offset at (character 0, 0, 0)


	title is " Simultaneous users and opened TCP/UDP connections", offset at (character 0, 0, 0)


	title is " maximum_simultaneous", offset at (character 0, 0, 0)


	title is " Users arrival/departure rate", offset at (character 0, 0, 0)


	title is " Total users", offset at (character 0, 0, 0)


	title is " Users arrival/departure rate", offset at (character 0, 0, 0)


	title is " Total users", offset at (character 0, 0, 0)


	title is " rate", offset at (character 0, 0, 0)


	title is " mean", offset at (character 0, 0, 0)


	title is " stddev", offset at (character 0, 0, 0)


	title is " max_sample", offset at (character 0, 0, 0)


	title is " min_sample", offset at (character 0, 0, 0)


	title is " rate", offset at (character 0, 0, 0)


	title is " mean", offset at (character 0, 0, 0)


	title is " stddev", offset at (character 0, 0, 0)


	title is " max_sample", offset at (character 0, 0, 0)


	title is " min_sample", offset at (character 0, 0, 0)


	title is " rate", offset at (character 0, 0, 0)


	title is " total", offset at (character 0, 0, 0)


	title is " rate", offset at (character 0, 0, 0)


	title is " total", offset at (character 0, 0, 0)


	title is " Simultaneous users and opened TCP/UDP connections", offset at (character 0, 0, 0)


	title is " maximum_simultaneous", offset at (character 0, 0, 0)


	title is " Simultaneous users and opened TCP/UDP connections", offset at (character 0, 0, 0)


	title is " maximum_simultaneous", offset at (character 0, 0, 0)


	title is " Users arrival/departure rate", offset at (character 0, 0, 0)


	title is " Total users", offset at (character 0, 0, 0)


	title is " Users arrival/departure rate", offset at (character 0, 0, 0)


	title is " Total users", offset at (character 0, 0, 0)

